2019-04-18 03:51:11,975 [Worker-1: Loading available Gradle versions] INFO  o.e.b.c.i.u.g.PublishedGradleVersions - Gradle version information cache is up-to-date. Trying to read.
2019-04-18 03:51:38,689 [Worker-7: Importing Maven projects] INFO  o.e.m.c.i.l.LifecycleMappingFactory - Using org.eclipse.m2e.jdt.JarLifecycleMapping lifecycle mapping for MavenProject: kr.ac.kaist.MMSServer:MC_MMS:0.8.2-SNAPSHOT @ D:\Users\YunHoChoi\project\MC_MMS-new\MMSServer\pom.xml.
2019-04-18 03:51:38,845 [Worker-7: Importing Maven projects] WARN  o.e.m.c.i.embedder.EclipseLogger - The POM for net.etri:net.etri.pkilib:jar:1.4 is missing, no dependency information available
2019-04-18 03:51:39,448 [Worker-7: Importing Maven projects] INFO  o.e.m.j.i.AbstractJavaProjectConfigurator - Adding source folder /MMSServer/src/main/java
2019-04-18 03:51:39,449 [Worker-7: Importing Maven projects] INFO  o.e.m.j.i.AbstractJavaProjectConfigurator - Adding source folder /MMSServer/src/test/java
2019-04-18 03:51:39,625 [Worker-7: Importing Maven projects] INFO  o.e.m.c.i.p.ProjectConfigurationManager - Imported and configured 1 project(s) in 2 sec
2019-04-18 03:51:41,971 [Worker-8: Building workspace] WARN  o.e.m.c.i.embedder.EclipseLogger - The POM for net.etri:net.etri.pkilib:jar:1.4 is missing, no dependency information available
2019-04-18 03:51:42,026 [Worker-8: Building workspace] INFO  o.e.m.c.i.embedder.EclipseLogger - Using 'UTF-8' encoding to copy filtered resources.
2019-04-18 03:51:42,026 [Worker-8: Building workspace] INFO  o.e.m.c.i.embedder.EclipseLogger - skip non existing resourceDirectory D:\Users\YunHoChoi\project\MC_MMS-new\MMSServer\src\main\resources
2019-04-18 03:51:42,028 [Worker-8: Building workspace] INFO  o.e.m.c.i.embedder.EclipseLogger - Using 'UTF-8' encoding to copy filtered resources.
2019-04-18 03:51:42,028 [Worker-8: Building workspace] INFO  o.e.m.c.i.embedder.EclipseLogger - skip non existing resourceDirectory D:\Users\YunHoChoi\project\MC_MMS-new\MMSServer\src\test\resources
2019-04-18 03:51:53,464 [Worker-4: Building workspace] INFO  o.e.m.c.i.l.LifecycleMappingFactory - Using org.eclipse.m2e.jdt.JarLifecycleMapping lifecycle mapping for MavenProject: kr.ac.kaist.Server:HTTPServer:0.1 @ D:\Users\YunHoChoi\project\MC_MMS-new\Examples\SimpleNettyHttpServer\pom.xml.
2019-04-18 03:51:53,765 [Worker-4: Building workspace] INFO  o.e.m.c.i.embedder.EclipseLogger - Using 'UTF-8' encoding to copy filtered resources.
2019-04-18 03:51:53,765 [Worker-4: Building workspace] INFO  o.e.m.c.i.embedder.EclipseLogger - skip non existing resourceDirectory D:\Users\YunHoChoi\project\MC_MMS-new\Examples\SimpleNettyHttpServer\src\main\resources
2019-04-18 03:51:53,774 [Worker-4: Building workspace] INFO  o.e.m.c.i.embedder.EclipseLogger - Using 'UTF-8' encoding to copy filtered resources.
2019-04-18 03:51:53,774 [Worker-4: Building workspace] INFO  o.e.m.c.i.embedder.EclipseLogger - skip non existing resourceDirectory D:\Users\YunHoChoi\project\MC_MMS-new\Examples\SimpleNettyHttpServer\src\test\resources
2019-04-18 03:51:54,954 [Worker-0: Building workspace] INFO  o.e.m.c.i.embedder.EclipseLogger - Using 'UTF-8' encoding to copy filtered resources.
2019-04-18 03:51:54,955 [Worker-0: Building workspace] INFO  o.e.m.c.i.embedder.EclipseLogger - skip non existing resourceDirectory D:\Users\YunHoChoi\project\MC_MMS-new\Examples\SimpleNettyHttpServer\src\main\resources
2019-04-18 03:51:54,956 [Worker-0: Building workspace] INFO  o.e.m.c.i.embedder.EclipseLogger - Using 'UTF-8' encoding to copy filtered resources.
2019-04-18 03:51:54,956 [Worker-0: Building workspace] INFO  o.e.m.c.i.embedder.EclipseLogger - skip non existing resourceDirectory D:\Users\YunHoChoi\project\MC_MMS-new\Examples\SimpleNettyHttpServer\src\test\resources
2019-04-18 03:52:03,850 [Worker-10: Updating Maven Project] INFO  o.e.m.c.i.p.ProjectConfigurationManager - Update started
2019-04-18 03:52:03,979 [Worker-10: Updating Maven Project] INFO  o.e.m.c.i.l.LifecycleMappingFactory - Using org.eclipse.m2e.jdt.JarLifecycleMapping lifecycle mapping for MavenProject: kr.ac.kaist.MMSServer:MC_MMS:0.8.2-SNAPSHOT @ D:\Users\YunHoChoi\project\MC_MMS-new\MMSServer\pom.xml.
2019-04-18 03:52:04,055 [Worker-10: Updating Maven Project] WARN  o.e.m.c.i.embedder.EclipseLogger - The POM for net.etri:net.etri.pkilib:jar:1.4 is missing, no dependency information available
2019-04-18 03:52:04,166 [Worker-10: Updating Maven Project] INFO  o.e.m.j.i.AbstractJavaProjectConfigurator - Adding source folder /MMSServer/src/main/java
2019-04-18 03:52:04,167 [Worker-10: Updating Maven Project] INFO  o.e.m.j.i.AbstractJavaProjectConfigurator - Adding source folder /MMSServer/src/test/java
2019-04-18 03:52:04,319 [Worker-10: Updating Maven Project] INFO  o.e.m.c.i.p.ProjectConfigurationManager - Update completed: 0 sec
2019-04-18 03:52:04,899 [Worker-8: Building workspace] WARN  o.e.m.c.i.embedder.EclipseLogger - The POM for net.etri:net.etri.pkilib:jar:1.4 is missing, no dependency information available
2019-04-18 03:52:04,932 [Worker-8: Building workspace] INFO  o.e.m.c.i.embedder.EclipseLogger - Using 'UTF-8' encoding to copy filtered resources.
2019-04-18 03:52:04,932 [Worker-8: Building workspace] INFO  o.e.m.c.i.embedder.EclipseLogger - skip non existing resourceDirectory D:\Users\YunHoChoi\project\MC_MMS-new\MMSServer\src\main\resources
2019-04-18 03:52:04,934 [Worker-8: Building workspace] INFO  o.e.m.c.i.embedder.EclipseLogger - Using 'UTF-8' encoding to copy filtered resources.
2019-04-18 03:52:04,934 [Worker-8: Building workspace] INFO  o.e.m.c.i.embedder.EclipseLogger - skip non existing resourceDirectory D:\Users\YunHoChoi\project\MC_MMS-new\MMSServer\src\test\resources
2019-04-18 03:52:10,311 [Worker-8: Launching Executing install in D__Users_YunHoChoi_project_MC_MMS-new_MMSServer] INFO  o.e.m.i.launch.MavenLaunchDelegate - D:\Users\YunHoChoi\project\MC_MMS-new\MMSServer
2019-04-18 03:52:10,312 [Worker-8: Launching Executing install in D__Users_YunHoChoi_project_MC_MMS-new_MMSServer] INFO  o.e.m.i.launch.MavenLaunchDelegate -  mvn -B install
2019-04-18 03:52:12,952 [Worker-8: Building workspace] INFO  o.e.m.c.i.embedder.EclipseLogger - Using 'UTF-8' encoding to copy filtered resources.
2019-04-18 03:52:12,953 [Worker-8: Building workspace] INFO  o.e.m.c.i.embedder.EclipseLogger - skip non existing resourceDirectory D:\Users\YunHoChoi\project\MC_MMS-new\MMSServer\src\main\resources
2019-04-18 03:52:12,954 [Worker-8: Building workspace] INFO  o.e.m.c.i.embedder.EclipseLogger - Using 'UTF-8' encoding to copy filtered resources.
2019-04-18 03:52:12,954 [Worker-8: Building workspace] INFO  o.e.m.c.i.embedder.EclipseLogger - skip non existing resourceDirectory D:\Users\YunHoChoi\project\MC_MMS-new\MMSServer\src\test\resources
2019-04-18 03:52:21,667 [Worker-0: Launching Executing clean in D__Users_YunHoChoi_project_MC_MMS-new_MMSServer] INFO  o.e.m.i.launch.MavenLaunchDelegate - D:\Users\YunHoChoi\project\MC_MMS-new\MMSServer
2019-04-18 03:52:21,667 [Worker-0: Launching Executing clean in D__Users_YunHoChoi_project_MC_MMS-new_MMSServer] INFO  o.e.m.i.launch.MavenLaunchDelegate -  mvn -B clean
2019-04-18 03:52:23,610 [Worker-11: Building workspace] INFO  o.e.m.c.i.embedder.EclipseLogger - Using 'UTF-8' encoding to copy filtered resources.
2019-04-18 03:52:23,610 [Worker-11: Building workspace] INFO  o.e.m.c.i.embedder.EclipseLogger - skip non existing resourceDirectory D:\Users\YunHoChoi\project\MC_MMS-new\MMSServer\src\main\resources
2019-04-18 03:52:23,611 [Worker-11: Building workspace] INFO  o.e.m.c.i.embedder.EclipseLogger - Using 'UTF-8' encoding to copy filtered resources.
2019-04-18 03:52:23,611 [Worker-11: Building workspace] INFO  o.e.m.c.i.embedder.EclipseLogger - skip non existing resourceDirectory D:\Users\YunHoChoi\project\MC_MMS-new\MMSServer\src\test\resources
2019-04-18 03:52:27,892 [Worker-7: Updating Maven Project] INFO  o.e.m.c.i.p.ProjectConfigurationManager - Update started
2019-04-18 03:52:28,007 [Worker-7: Updating Maven Project] INFO  o.e.m.c.i.l.LifecycleMappingFactory - Using org.eclipse.m2e.jdt.JarLifecycleMapping lifecycle mapping for MavenProject: kr.ac.kaist.MMSServer:MC_MMS:0.8.2-SNAPSHOT @ D:\Users\YunHoChoi\project\MC_MMS-new\MMSServer\pom.xml.
2019-04-18 03:52:28,107 [Worker-7: Updating Maven Project] WARN  o.e.m.c.i.embedder.EclipseLogger - The POM for net.etri:net.etri.pkilib:jar:1.4 is missing, no dependency information available
2019-04-18 03:52:28,354 [Worker-7: Updating Maven Project] INFO  o.e.m.j.i.AbstractJavaProjectConfigurator - Adding source folder /MMSServer/src/main/java
2019-04-18 03:52:28,354 [Worker-7: Updating Maven Project] INFO  o.e.m.j.i.AbstractJavaProjectConfigurator - Adding source folder /MMSServer/src/test/java
2019-04-18 03:52:28,491 [Worker-7: Updating Maven Project] INFO  o.e.m.c.i.p.ProjectConfigurationManager - Update completed: 0 sec
2019-04-18 03:52:29,100 [Worker-8: Building workspace] WARN  o.e.m.c.i.embedder.EclipseLogger - The POM for net.etri:net.etri.pkilib:jar:1.4 is missing, no dependency information available
2019-04-18 03:52:29,127 [Worker-8: Building workspace] INFO  o.e.m.c.i.embedder.EclipseLogger - Using 'UTF-8' encoding to copy filtered resources.
2019-04-18 03:52:29,128 [Worker-8: Building workspace] INFO  o.e.m.c.i.embedder.EclipseLogger - skip non existing resourceDirectory D:\Users\YunHoChoi\project\MC_MMS-new\MMSServer\src\main\resources
2019-04-18 03:52:29,128 [Worker-8: Building workspace] INFO  o.e.m.c.i.embedder.EclipseLogger - Using 'UTF-8' encoding to copy filtered resources.
2019-04-18 03:52:29,129 [Worker-8: Building workspace] INFO  o.e.m.c.i.embedder.EclipseLogger - skip non existing resourceDirectory D:\Users\YunHoChoi\project\MC_MMS-new\MMSServer\src\test\resources
2019-04-18 03:52:32,321 [Worker-9: Launching Executing install in D__Users_YunHoChoi_project_MC_MMS-new_MMSServer] INFO  o.e.m.i.launch.MavenLaunchDelegate - D:\Users\YunHoChoi\project\MC_MMS-new\MMSServer
2019-04-18 03:52:32,321 [Worker-9: Launching Executing install in D__Users_YunHoChoi_project_MC_MMS-new_MMSServer] INFO  o.e.m.i.launch.MavenLaunchDelegate -  mvn -B install
2019-04-18 03:52:34,901 [Worker-7: Building workspace] INFO  o.e.m.c.i.embedder.EclipseLogger - Using 'UTF-8' encoding to copy filtered resources.
2019-04-18 03:52:34,901 [Worker-7: Building workspace] INFO  o.e.m.c.i.embedder.EclipseLogger - skip non existing resourceDirectory D:\Users\YunHoChoi\project\MC_MMS-new\MMSServer\src\main\resources
2019-04-18 03:52:34,904 [Worker-7: Building workspace] INFO  o.e.m.c.i.embedder.EclipseLogger - Using 'UTF-8' encoding to copy filtered resources.
2019-04-18 03:52:34,905 [Worker-7: Building workspace] INFO  o.e.m.c.i.embedder.EclipseLogger - skip non existing resourceDirectory D:\Users\YunHoChoi\project\MC_MMS-new\MMSServer\src\test\resources
2019-04-18 03:52:56,775 [Worker-14: Launching Executing clean in D__Users_YunHoChoi_project_MC_MMS-new_MMSServer] INFO  o.e.m.i.launch.MavenLaunchDelegate - D:\Users\YunHoChoi\project\MC_MMS-new\MMSServer
2019-04-18 03:52:56,775 [Worker-14: Launching Executing clean in D__Users_YunHoChoi_project_MC_MMS-new_MMSServer] INFO  o.e.m.i.launch.MavenLaunchDelegate -  mvn -B clean
2019-04-18 03:52:58,961 [Worker-2: Building workspace] INFO  o.e.m.c.i.embedder.EclipseLogger - Using 'UTF-8' encoding to copy filtered resources.
2019-04-18 03:52:58,961 [Worker-2: Building workspace] INFO  o.e.m.c.i.embedder.EclipseLogger - skip non existing resourceDirectory D:\Users\YunHoChoi\project\MC_MMS-new\MMSServer\src\main\resources
2019-04-18 03:52:58,962 [Worker-2: Building workspace] INFO  o.e.m.c.i.embedder.EclipseLogger - Using 'UTF-8' encoding to copy filtered resources.
2019-04-18 03:52:58,962 [Worker-2: Building workspace] INFO  o.e.m.c.i.embedder.EclipseLogger - skip non existing resourceDirectory D:\Users\YunHoChoi\project\MC_MMS-new\MMSServer\src\test\resources
2019-04-18 03:53:03,613 [Worker-12: Launching Executing install in D__Users_YunHoChoi_project_MC_MMS-new_MMSServer] INFO  o.e.m.i.launch.MavenLaunchDelegate - D:\Users\YunHoChoi\project\MC_MMS-new\MMSServer
2019-04-18 03:53:03,613 [Worker-12: Launching Executing install in D__Users_YunHoChoi_project_MC_MMS-new_MMSServer] INFO  o.e.m.i.launch.MavenLaunchDelegate -  mvn -B install
2019-04-18 03:53:08,256 [Worker-14: Building workspace] INFO  o.e.m.c.i.embedder.EclipseLogger - Using 'UTF-8' encoding to copy filtered resources.
2019-04-18 03:53:08,257 [Worker-14: Building workspace] INFO  o.e.m.c.i.embedder.EclipseLogger - skip non existing resourceDirectory D:\Users\YunHoChoi\project\MC_MMS-new\MMSServer\src\main\resources
2019-04-18 03:53:08,258 [Worker-14: Building workspace] INFO  o.e.m.c.i.embedder.EclipseLogger - Using 'UTF-8' encoding to copy filtered resources.
2019-04-18 03:53:08,258 [Worker-14: Building workspace] INFO  o.e.m.c.i.embedder.EclipseLogger - skip non existing resourceDirectory D:\Users\YunHoChoi\project\MC_MMS-new\MMSServer\src\test\resources
2019-04-18 03:53:11,970 [Worker-7: Launching Executing clean in D__Users_YunHoChoi_project_MC_MMS-new_MMSServer] INFO  o.e.m.i.launch.MavenLaunchDelegate - D:\Users\YunHoChoi\project\MC_MMS-new\MMSServer
2019-04-18 03:53:11,970 [Worker-7: Launching Executing clean in D__Users_YunHoChoi_project_MC_MMS-new_MMSServer] INFO  o.e.m.i.launch.MavenLaunchDelegate -  mvn -B clean
2019-04-18 03:53:19,220 [Worker-3: Updating Maven Project] INFO  o.e.m.c.i.p.ProjectConfigurationManager - Update started
2019-04-18 03:53:20,202 [Worker-3: Updating Maven Project] INFO  o.e.m.c.i.l.LifecycleMappingFactory - Using org.eclipse.m2e.jdt.JarLifecycleMapping lifecycle mapping for MavenProject: kr.ac.kaist.MMSServer:MC_MMS:0.8.2-SNAPSHOT @ D:\Users\YunHoChoi\project\MC_MMS-new\MMSServer\pom.xml.
2019-04-18 03:53:20,444 [Worker-3: Updating Maven Project] WARN  o.e.m.c.i.embedder.EclipseLogger - The POM for net.etri:net.etri.pkilib:jar:1.4 is missing, no dependency information available
2019-04-18 03:53:23,425 [Worker-3: Updating Maven Project] INFO  o.e.m.j.i.AbstractJavaProjectConfigurator - Adding source folder /MMSServer/src/main/java
2019-04-18 03:53:23,426 [Worker-3: Updating Maven Project] INFO  o.e.m.j.i.AbstractJavaProjectConfigurator - Adding source folder /MMSServer/src/test/java
2019-04-18 03:53:23,557 [Worker-3: Updating Maven Project] INFO  o.e.m.c.i.p.ProjectConfigurationManager - Update completed: 4 sec
2019-04-18 03:53:24,372 [Worker-13: Building workspace] WARN  o.e.m.c.i.embedder.EclipseLogger - The POM for net.etri:net.etri.pkilib:jar:1.4 is missing, no dependency information available
2019-04-18 03:53:24,430 [Worker-13: Building workspace] INFO  o.e.m.c.i.embedder.EclipseLogger - Using 'UTF-8' encoding to copy filtered resources.
2019-04-18 03:53:24,430 [Worker-13: Building workspace] INFO  o.e.m.c.i.embedder.EclipseLogger - skip non existing resourceDirectory D:\Users\YunHoChoi\project\MC_MMS-new\MMSServer\src\main\resources
2019-04-18 03:53:24,431 [Worker-13: Building workspace] INFO  o.e.m.c.i.embedder.EclipseLogger - Using 'UTF-8' encoding to copy filtered resources.
2019-04-18 03:53:24,431 [Worker-13: Building workspace] INFO  o.e.m.c.i.embedder.EclipseLogger - skip non existing resourceDirectory D:\Users\YunHoChoi\project\MC_MMS-new\MMSServer\src\test\resources
2019-04-18 03:53:29,042 [Worker-3: Launching Executing install in D__Users_YunHoChoi_project_MC_MMS-new_MMSServer] INFO  o.e.m.i.launch.MavenLaunchDelegate - D:\Users\YunHoChoi\project\MC_MMS-new\MMSServer
2019-04-18 03:53:29,042 [Worker-3: Launching Executing install in D__Users_YunHoChoi_project_MC_MMS-new_MMSServer] INFO  o.e.m.i.launch.MavenLaunchDelegate -  mvn -B install
2019-04-18 03:53:32,855 [Worker-2: Building workspace] INFO  o.e.m.c.i.embedder.EclipseLogger - Using 'UTF-8' encoding to copy filtered resources.
2019-04-18 03:53:32,855 [Worker-2: Building workspace] INFO  o.e.m.c.i.embedder.EclipseLogger - skip non existing resourceDirectory D:\Users\YunHoChoi\project\MC_MMS-new\MMSServer\src\main\resources
2019-04-18 03:53:32,856 [Worker-2: Building workspace] INFO  o.e.m.c.i.embedder.EclipseLogger - Using 'UTF-8' encoding to copy filtered resources.
2019-04-18 03:53:32,856 [Worker-2: Building workspace] INFO  o.e.m.c.i.embedder.EclipseLogger - skip non existing resourceDirectory D:\Users\YunHoChoi\project\MC_MMS-new\MMSServer\src\test\resources
2019-04-18 03:54:23,507 [Worker-9: Building workspace] INFO  o.e.m.c.i.embedder.EclipseLogger - Using 'UTF-8' encoding to copy filtered resources.
2019-04-18 03:54:23,508 [Worker-9: Building workspace] INFO  o.e.m.c.i.embedder.EclipseLogger - skip non existing resourceDirectory D:\Users\YunHoChoi\project\MC_MMS-new\MMSServer\src\main\resources
2019-04-18 03:54:23,510 [Worker-9: Building workspace] INFO  o.e.m.c.i.embedder.EclipseLogger - Using 'UTF-8' encoding to copy filtered resources.
2019-04-18 03:54:23,510 [Worker-9: Building workspace] INFO  o.e.m.c.i.embedder.EclipseLogger - skip non existing resourceDirectory D:\Users\YunHoChoi\project\MC_MMS-new\MMSServer\src\test\resources
2019-04-18 03:55:31,684 [Worker-14: Building workspace] INFO  o.e.m.c.i.embedder.EclipseLogger - Using 'UTF-8' encoding to copy filtered resources.
2019-04-18 03:55:31,685 [Worker-14: Building workspace] INFO  o.e.m.c.i.embedder.EclipseLogger - skip non existing resourceDirectory D:\Users\YunHoChoi\project\MC_MMS-new\MMSServer\src\main\resources
2019-04-18 03:55:31,685 [Worker-14: Building workspace] INFO  o.e.m.c.i.embedder.EclipseLogger - Using 'UTF-8' encoding to copy filtered resources.
2019-04-18 03:55:31,686 [Worker-14: Building workspace] INFO  o.e.m.c.i.embedder.EclipseLogger - skip non existing resourceDirectory D:\Users\YunHoChoi\project\MC_MMS-new\MMSServer\src\test\resources
2019-04-18 03:55:53,681 [Worker-7: Building workspace] INFO  o.e.m.c.i.embedder.EclipseLogger - Using 'UTF-8' encoding to copy filtered resources.
2019-04-18 03:55:53,681 [Worker-7: Building workspace] INFO  o.e.m.c.i.embedder.EclipseLogger - skip non existing resourceDirectory D:\Users\YunHoChoi\project\MC_MMS-new\MMSServer\src\main\resources
2019-04-18 03:55:53,682 [Worker-7: Building workspace] INFO  o.e.m.c.i.embedder.EclipseLogger - Using 'UTF-8' encoding to copy filtered resources.
2019-04-18 03:55:53,682 [Worker-7: Building workspace] INFO  o.e.m.c.i.embedder.EclipseLogger - skip non existing resourceDirectory D:\Users\YunHoChoi\project\MC_MMS-new\MMSServer\src\test\resources
2019-04-18 03:56:24,717 [Worker-5: Building workspace] INFO  o.e.m.c.i.embedder.EclipseLogger - Using 'UTF-8' encoding to copy filtered resources.
2019-04-18 03:56:24,718 [Worker-5: Building workspace] INFO  o.e.m.c.i.embedder.EclipseLogger - skip non existing resourceDirectory D:\Users\YunHoChoi\project\MC_MMS-new\MMSServer\src\main\resources
2019-04-18 03:56:24,720 [Worker-5: Building workspace] INFO  o.e.m.c.i.embedder.EclipseLogger - Using 'UTF-8' encoding to copy filtered resources.
2019-04-18 03:56:24,721 [Worker-5: Building workspace] INFO  o.e.m.c.i.embedder.EclipseLogger - skip non existing resourceDirectory D:\Users\YunHoChoi\project\MC_MMS-new\MMSServer\src\test\resources
2019-04-18 03:56:49,695 [Worker-14: Building workspace] INFO  o.e.m.c.i.embedder.EclipseLogger - Using 'UTF-8' encoding to copy filtered resources.
2019-04-18 03:56:49,695 [Worker-14: Building workspace] INFO  o.e.m.c.i.embedder.EclipseLogger - skip non existing resourceDirectory D:\Users\YunHoChoi\project\MC_MMS-new\MMSServer\src\main\resources
2019-04-18 03:56:49,696 [Worker-14: Building workspace] INFO  o.e.m.c.i.embedder.EclipseLogger - Using 'UTF-8' encoding to copy filtered resources.
2019-04-18 03:56:49,696 [Worker-14: Building workspace] INFO  o.e.m.c.i.embedder.EclipseLogger - skip non existing resourceDirectory D:\Users\YunHoChoi\project\MC_MMS-new\MMSServer\src\test\resources
2019-04-18 03:57:12,311 [Worker-7: Building workspace] INFO  o.e.m.c.i.embedder.EclipseLogger - Using 'UTF-8' encoding to copy filtered resources.
2019-04-18 03:57:12,311 [Worker-7: Building workspace] INFO  o.e.m.c.i.embedder.EclipseLogger - skip non existing resourceDirectory D:\Users\YunHoChoi\project\MC_MMS-new\MMSServer\src\main\resources
2019-04-18 03:57:12,312 [Worker-7: Building workspace] INFO  o.e.m.c.i.embedder.EclipseLogger - Using 'UTF-8' encoding to copy filtered resources.
2019-04-18 03:57:12,313 [Worker-7: Building workspace] INFO  o.e.m.c.i.embedder.EclipseLogger - skip non existing resourceDirectory D:\Users\YunHoChoi\project\MC_MMS-new\MMSServer\src\test\resources
2019-04-18 04:04:19,318 [Worker-9: Building workspace] INFO  o.e.m.c.i.embedder.EclipseLogger - Using 'UTF-8' encoding to copy filtered resources.
2019-04-18 04:04:19,318 [Worker-9: Building workspace] INFO  o.e.m.c.i.embedder.EclipseLogger - skip non existing resourceDirectory D:\Users\YunHoChoi\project\MC_MMS-new\MMSServer\src\main\resources
2019-04-18 04:04:19,319 [Worker-9: Building workspace] INFO  o.e.m.c.i.embedder.EclipseLogger - Using 'UTF-8' encoding to copy filtered resources.
2019-04-18 04:04:19,319 [Worker-9: Building workspace] INFO  o.e.m.c.i.embedder.EclipseLogger - skip non existing resourceDirectory D:\Users\YunHoChoi\project\MC_MMS-new\MMSServer\src\test\resources
2019-04-18 04:11:17,638 [Worker-9: Building workspace] INFO  o.e.m.c.i.embedder.EclipseLogger - Using 'UTF-8' encoding to copy filtered resources.
2019-04-18 04:11:17,638 [Worker-9: Building workspace] INFO  o.e.m.c.i.embedder.EclipseLogger - skip non existing resourceDirectory D:\Users\YunHoChoi\project\MC_MMS-new\MMSServer\src\main\resources
2019-04-18 04:11:17,639 [Worker-9: Building workspace] INFO  o.e.m.c.i.embedder.EclipseLogger - Using 'UTF-8' encoding to copy filtered resources.
2019-04-18 04:11:17,639 [Worker-9: Building workspace] INFO  o.e.m.c.i.embedder.EclipseLogger - skip non existing resourceDirectory D:\Users\YunHoChoi\project\MC_MMS-new\MMSServer\src\test\resources
2019-04-18 04:12:23,487 [Worker-7: Building workspace] INFO  o.e.m.c.i.embedder.EclipseLogger - Using 'UTF-8' encoding to copy filtered resources.
2019-04-18 04:12:23,488 [Worker-7: Building workspace] INFO  o.e.m.c.i.embedder.EclipseLogger - skip non existing resourceDirectory D:\Users\YunHoChoi\project\MC_MMS-new\MMSServer\src\main\resources
2019-04-18 04:12:23,489 [Worker-7: Building workspace] INFO  o.e.m.c.i.embedder.EclipseLogger - Using 'UTF-8' encoding to copy filtered resources.
2019-04-18 04:12:23,489 [Worker-7: Building workspace] INFO  o.e.m.c.i.embedder.EclipseLogger - skip non existing resourceDirectory D:\Users\YunHoChoi\project\MC_MMS-new\MMSServer\src\test\resources
2019-04-18 04:13:57,201 [Worker-16: Building workspace] INFO  o.e.m.c.i.embedder.EclipseLogger - Using 'UTF-8' encoding to copy filtered resources.
2019-04-18 04:13:57,201 [Worker-16: Building workspace] INFO  o.e.m.c.i.embedder.EclipseLogger - skip non existing resourceDirectory D:\Users\YunHoChoi\project\MC_MMS-new\MMSServer\src\main\resources
2019-04-18 04:13:57,202 [Worker-16: Building workspace] INFO  o.e.m.c.i.embedder.EclipseLogger - Using 'UTF-8' encoding to copy filtered resources.
2019-04-18 04:13:57,202 [Worker-16: Building workspace] INFO  o.e.m.c.i.embedder.EclipseLogger - skip non existing resourceDirectory D:\Users\YunHoChoi\project\MC_MMS-new\MMSServer\src\test\resources
2019-04-18 04:14:38,558 [Worker-15: Building workspace] INFO  o.e.m.c.i.embedder.EclipseLogger - Using 'UTF-8' encoding to copy filtered resources.
2019-04-18 04:14:38,558 [Worker-15: Building workspace] INFO  o.e.m.c.i.embedder.EclipseLogger - skip non existing resourceDirectory D:\Users\YunHoChoi\project\MC_MMS-new\MMSServer\src\main\resources
2019-04-18 04:14:38,559 [Worker-15: Building workspace] INFO  o.e.m.c.i.embedder.EclipseLogger - Using 'UTF-8' encoding to copy filtered resources.
2019-04-18 04:14:38,560 [Worker-15: Building workspace] INFO  o.e.m.c.i.embedder.EclipseLogger - skip non existing resourceDirectory D:\Users\YunHoChoi\project\MC_MMS-new\MMSServer\src\test\resources
2019-04-18 04:15:48,966 [Worker-12: Building workspace] INFO  o.e.m.c.i.embedder.EclipseLogger - Using 'UTF-8' encoding to copy filtered resources.
2019-04-18 04:15:48,967 [Worker-12: Building workspace] INFO  o.e.m.c.i.embedder.EclipseLogger - skip non existing resourceDirectory D:\Users\YunHoChoi\project\MC_MMS-new\MMSServer\src\main\resources
2019-04-18 04:15:48,981 [Worker-12: Building workspace] INFO  o.e.m.c.i.embedder.EclipseLogger - Using 'UTF-8' encoding to copy filtered resources.
2019-04-18 04:15:48,981 [Worker-12: Building workspace] INFO  o.e.m.c.i.embedder.EclipseLogger - skip non existing resourceDirectory D:\Users\YunHoChoi\project\MC_MMS-new\MMSServer\src\test\resources
2019-04-18 04:16:52,218 [Worker-16: Building workspace] INFO  o.e.m.c.i.embedder.EclipseLogger - Using 'UTF-8' encoding to copy filtered resources.
2019-04-18 04:16:52,218 [Worker-16: Building workspace] INFO  o.e.m.c.i.embedder.EclipseLogger - skip non existing resourceDirectory D:\Users\YunHoChoi\project\MC_MMS-new\MMSServer\src\main\resources
2019-04-18 04:16:52,218 [Worker-16: Building workspace] INFO  o.e.m.c.i.embedder.EclipseLogger - Using 'UTF-8' encoding to copy filtered resources.
2019-04-18 04:16:52,218 [Worker-16: Building workspace] INFO  o.e.m.c.i.embedder.EclipseLogger - skip non existing resourceDirectory D:\Users\YunHoChoi\project\MC_MMS-new\MMSServer\src\test\resources
2019-04-18 04:16:56,573 [Worker-7: Building workspace] INFO  o.e.m.c.i.embedder.EclipseLogger - Using 'UTF-8' encoding to copy filtered resources.
2019-04-18 04:16:56,573 [Worker-7: Building workspace] INFO  o.e.m.c.i.embedder.EclipseLogger - skip non existing resourceDirectory D:\Users\YunHoChoi\project\MC_MMS-new\MMSServer\src\main\resources
2019-04-18 04:16:56,573 [Worker-7: Building workspace] INFO  o.e.m.c.i.embedder.EclipseLogger - Using 'UTF-8' encoding to copy filtered resources.
2019-04-18 04:16:56,574 [Worker-7: Building workspace] INFO  o.e.m.c.i.embedder.EclipseLogger - skip non existing resourceDirectory D:\Users\YunHoChoi\project\MC_MMS-new\MMSServer\src\test\resources
2019-04-18 04:17:34,665 [Worker-9: Building workspace] INFO  o.e.m.c.i.embedder.EclipseLogger - Using 'UTF-8' encoding to copy filtered resources.
2019-04-18 04:17:34,665 [Worker-9: Building workspace] INFO  o.e.m.c.i.embedder.EclipseLogger - skip non existing resourceDirectory D:\Users\YunHoChoi\project\MC_MMS-new\MMSServer\src\main\resources
2019-04-18 04:17:34,666 [Worker-9: Building workspace] INFO  o.e.m.c.i.embedder.EclipseLogger - Using 'UTF-8' encoding to copy filtered resources.
2019-04-18 04:17:34,666 [Worker-9: Building workspace] INFO  o.e.m.c.i.embedder.EclipseLogger - skip non existing resourceDirectory D:\Users\YunHoChoi\project\MC_MMS-new\MMSServer\src\test\resources
2019-04-18 04:30:44,880 [Worker-15: Building workspace] INFO  o.e.m.c.i.embedder.EclipseLogger - Using 'UTF-8' encoding to copy filtered resources.
2019-04-18 04:30:44,880 [Worker-15: Building workspace] INFO  o.e.m.c.i.embedder.EclipseLogger - skip non existing resourceDirectory D:\Users\YunHoChoi\project\MC_MMS-new\MMSServer\src\main\resources
2019-04-18 04:30:44,881 [Worker-15: Building workspace] INFO  o.e.m.c.i.embedder.EclipseLogger - Using 'UTF-8' encoding to copy filtered resources.
2019-04-18 04:30:44,882 [Worker-15: Building workspace] INFO  o.e.m.c.i.embedder.EclipseLogger - skip non existing resourceDirectory D:\Users\YunHoChoi\project\MC_MMS-new\MMSServer\src\test\resources
2019-04-18 04:35:44,967 [Worker-12: Building workspace] INFO  o.e.m.c.i.embedder.EclipseLogger - Using 'UTF-8' encoding to copy filtered resources.
2019-04-18 04:35:44,968 [Worker-12: Building workspace] INFO  o.e.m.c.i.embedder.EclipseLogger - skip non existing resourceDirectory D:\Users\YunHoChoi\project\MC_MMS-new\MMSServer\src\main\resources
2019-04-18 04:35:44,968 [Worker-12: Building workspace] INFO  o.e.m.c.i.embedder.EclipseLogger - Using 'UTF-8' encoding to copy filtered resources.
2019-04-18 04:35:44,969 [Worker-12: Building workspace] INFO  o.e.m.c.i.embedder.EclipseLogger - skip non existing resourceDirectory D:\Users\YunHoChoi\project\MC_MMS-new\MMSServer\src\test\resources
2019-04-18 04:35:46,029 [Worker-22: Building workspace] INFO  o.e.m.c.i.embedder.EclipseLogger - Using 'UTF-8' encoding to copy filtered resources.
2019-04-18 04:35:46,030 [Worker-22: Building workspace] INFO  o.e.m.c.i.embedder.EclipseLogger - skip non existing resourceDirectory D:\Users\YunHoChoi\project\MC_MMS-new\MMSServer\src\main\resources
2019-04-18 04:35:46,030 [Worker-22: Building workspace] INFO  o.e.m.c.i.embedder.EclipseLogger - Using 'UTF-8' encoding to copy filtered resources.
2019-04-18 04:35:46,030 [Worker-22: Building workspace] INFO  o.e.m.c.i.embedder.EclipseLogger - skip non existing resourceDirectory D:\Users\YunHoChoi\project\MC_MMS-new\MMSServer\src\test\resources
2019-04-29 14:36:04,754 [Worker-6: Loading available Gradle versions] INFO  o.e.b.c.i.u.g.PublishedGradleVersions - Gradle version information cache is out-of-date. Trying to update.
2019-04-29 14:36:18,129 [Worker-4: Building workspace] WARN  o.e.m.c.i.embedder.EclipseLogger - The POM for net.etri:net.etri.pkilib:jar:1.4 is missing, no dependency information available
2019-04-29 14:36:20,414 [Worker-4: Building workspace] INFO  o.e.m.c.i.embedder.EclipseLogger - Using 'UTF-8' encoding to copy filtered resources.
2019-04-29 14:36:20,414 [Worker-4: Building workspace] INFO  o.e.m.c.i.embedder.EclipseLogger - skip non existing resourceDirectory D:\Users\YunHoChoi\project\MC_MMS-new\MMSServer\src\main\resources
2019-04-29 14:36:20,417 [Worker-4: Building workspace] INFO  o.e.m.c.i.embedder.EclipseLogger - Using 'UTF-8' encoding to copy filtered resources.
2019-04-29 14:36:20,417 [Worker-4: Building workspace] INFO  o.e.m.c.i.embedder.EclipseLogger - skip non existing resourceDirectory D:\Users\YunHoChoi\project\MC_MMS-new\MMSServer\src\test\resources
2019-04-29 14:42:21,984 [Worker-21: Building workspace] INFO  o.e.m.c.i.embedder.EclipseLogger - Using 'UTF-8' encoding to copy filtered resources.
2019-04-29 14:42:21,985 [Worker-21: Building workspace] INFO  o.e.m.c.i.embedder.EclipseLogger - skip non existing resourceDirectory D:\Users\YunHoChoi\project\MC_MMS-new\MMSServer\src\main\resources
2019-04-29 14:42:21,985 [Worker-21: Building workspace] INFO  o.e.m.c.i.embedder.EclipseLogger - Using 'UTF-8' encoding to copy filtered resources.
2019-04-29 14:42:21,985 [Worker-21: Building workspace] INFO  o.e.m.c.i.embedder.EclipseLogger - skip non existing resourceDirectory D:\Users\YunHoChoi\project\MC_MMS-new\MMSServer\src\test\resources
2019-04-29 14:42:50,244 [Worker-10: Updating Maven Dependencies] ERROR o.e.m.j.i.l.MavenLaunchConfigurationListener - Launch configuration MMSServer references non-existing project MMSServer.
org.eclipse.core.runtime.CoreException: Launch configuration MMSServer references non-existing project MMSServer.
	at org.eclipse.jdt.launching.JavaRuntime.abort(JavaRuntime.java:1838) ~[org.eclipse.jdt.launching_3.12.0.v20181119-1621.jar:na]
	at org.eclipse.jdt.launching.JavaRuntime.getJavaProject(JavaRuntime.java:1713) ~[org.eclipse.jdt.launching_3.12.0.v20181119-1621.jar:na]
	at org.eclipse.m2e.jdt.internal.launch.MavenLaunchConfigurationListener.updateLaunchConfiguration(MavenLaunchConfigurationListener.java:53) [org.eclipse.m2e.jdt_1.10.0.20181127-2120.jar:na]
	at org.eclipse.m2e.jdt.internal.launch.MavenLaunchConfigurationListener.launchConfigurationChanged(MavenLaunchConfigurationListener.java:38) [org.eclipse.m2e.jdt_1.10.0.20181127-2120.jar:na]
	at org.eclipse.debug.internal.core.LaunchManager$ConfigurationNotifier.run(LaunchManager.java:225) [org.eclipse.debug.core_3.13.100.v20181201-1650.jar:na]
	at org.eclipse.core.runtime.SafeRunner.run(SafeRunner.java:45) [org.eclipse.equinox.common_3.10.200.v20181021-1645.jar:na]
	at org.eclipse.debug.internal.core.LaunchManager$ConfigurationNotifier.notify(LaunchManager.java:209) [org.eclipse.debug.core_3.13.100.v20181201-1650.jar:na]
	at org.eclipse.debug.internal.core.LaunchConfigurationWorkingCopy.setDirty(LaunchConfigurationWorkingCopy.java:528) [org.eclipse.debug.core_3.13.100.v20181201-1650.jar:na]
	at org.eclipse.debug.internal.core.LaunchConfigurationWorkingCopy.setAttribute(LaunchConfigurationWorkingCopy.java:416) [org.eclipse.debug.core_3.13.100.v20181201-1650.jar:na]
	at org.eclipse.m2e.jdt.internal.launch.MavenRuntimeClasspathProvider.disable(MavenRuntimeClasspathProvider.java:352) [org.eclipse.m2e.jdt_1.10.0.20181127-2120.jar:na]
	at org.eclipse.m2e.jdt.internal.launch.MavenRuntimeClasspathProvider.disable(MavenRuntimeClasspathProvider.java:378) [org.eclipse.m2e.jdt_1.10.0.20181127-2120.jar:na]
	at org.eclipse.m2e.jdt.internal.launch.MavenLaunchConfigurationListener.mavenProjectChanged(MavenLaunchConfigurationListener.java:70) [org.eclipse.m2e.jdt_1.10.0.20181127-2120.jar:na]
	at org.eclipse.m2e.core.internal.project.registry.ProjectRegistryManager.notifyProjectChangeListeners(ProjectRegistryManager.java:777) [org.eclipse.m2e.core_1.10.0.20181127-2120.jar:na]
	at org.eclipse.m2e.core.internal.project.registry.ProjectRegistryManager.applyMutableProjectRegistry(ProjectRegistryManager.java:921) [org.eclipse.m2e.core_1.10.0.20181127-2120.jar:na]
	at org.eclipse.m2e.core.internal.project.registry.ProjectRegistryRefreshJob$1.call(ProjectRegistryRefreshJob.java:98) [org.eclipse.m2e.core_1.10.0.20181127-2120.jar:na]
	at org.eclipse.m2e.core.internal.project.registry.ProjectRegistryRefreshJob$1.call(ProjectRegistryRefreshJob.java:1) [org.eclipse.m2e.core_1.10.0.20181127-2120.jar:na]
	at org.eclipse.m2e.core.internal.embedder.MavenExecutionContext.executeBare(MavenExecutionContext.java:177) [org.eclipse.m2e.core_1.10.0.20181127-2120.jar:na]
	at org.eclipse.m2e.core.internal.embedder.MavenExecutionContext.execute(MavenExecutionContext.java:151) [org.eclipse.m2e.core_1.10.0.20181127-2120.jar:na]
	at org.eclipse.m2e.core.internal.embedder.MavenExecutionContext.execute(MavenExecutionContext.java:99) [org.eclipse.m2e.core_1.10.0.20181127-2120.jar:na]
	at org.eclipse.m2e.core.internal.embedder.MavenImpl.execute(MavenImpl.java:1336) [org.eclipse.m2e.core_1.10.0.20181127-2120.jar:na]
	at org.eclipse.m2e.core.internal.project.registry.ProjectRegistryRefreshJob.run(ProjectRegistryRefreshJob.java:81) [org.eclipse.m2e.core_1.10.0.20181127-2120.jar:na]
	at org.eclipse.core.internal.jobs.Worker.run(Worker.java:63) [org.eclipse.core.jobs_3.10.200.v20180912-1356.jar:na]
2019-04-29 14:42:50,249 [Worker-10: Updating Maven Dependencies] ERROR o.e.m.j.i.l.MavenLaunchConfigurationListener - Launch configuration MMSServer references non-existing project MMSServer.
org.eclipse.core.runtime.CoreException: Launch configuration MMSServer references non-existing project MMSServer.
	at org.eclipse.jdt.launching.JavaRuntime.abort(JavaRuntime.java:1838) ~[org.eclipse.jdt.launching_3.12.0.v20181119-1621.jar:na]
	at org.eclipse.jdt.launching.JavaRuntime.getJavaProject(JavaRuntime.java:1713) ~[org.eclipse.jdt.launching_3.12.0.v20181119-1621.jar:na]
	at org.eclipse.m2e.jdt.internal.launch.MavenLaunchConfigurationListener.updateLaunchConfiguration(MavenLaunchConfigurationListener.java:53) [org.eclipse.m2e.jdt_1.10.0.20181127-2120.jar:na]
	at org.eclipse.m2e.jdt.internal.launch.MavenLaunchConfigurationListener.launchConfigurationChanged(MavenLaunchConfigurationListener.java:38) [org.eclipse.m2e.jdt_1.10.0.20181127-2120.jar:na]
	at org.eclipse.debug.internal.core.LaunchManager$ConfigurationNotifier.run(LaunchManager.java:225) [org.eclipse.debug.core_3.13.100.v20181201-1650.jar:na]
	at org.eclipse.core.runtime.SafeRunner.run(SafeRunner.java:45) [org.eclipse.equinox.common_3.10.200.v20181021-1645.jar:na]
	at org.eclipse.debug.internal.core.LaunchManager$ConfigurationNotifier.notify(LaunchManager.java:209) [org.eclipse.debug.core_3.13.100.v20181201-1650.jar:na]
	at org.eclipse.debug.internal.core.LaunchConfigurationWorkingCopy.setDirty(LaunchConfigurationWorkingCopy.java:528) [org.eclipse.debug.core_3.13.100.v20181201-1650.jar:na]
	at org.eclipse.debug.internal.core.LaunchConfigurationWorkingCopy.setAttribute(LaunchConfigurationWorkingCopy.java:416) [org.eclipse.debug.core_3.13.100.v20181201-1650.jar:na]
	at org.eclipse.m2e.jdt.internal.launch.MavenRuntimeClasspathProvider.disable(MavenRuntimeClasspathProvider.java:353) [org.eclipse.m2e.jdt_1.10.0.20181127-2120.jar:na]
	at org.eclipse.m2e.jdt.internal.launch.MavenRuntimeClasspathProvider.disable(MavenRuntimeClasspathProvider.java:378) [org.eclipse.m2e.jdt_1.10.0.20181127-2120.jar:na]
	at org.eclipse.m2e.jdt.internal.launch.MavenLaunchConfigurationListener.mavenProjectChanged(MavenLaunchConfigurationListener.java:70) [org.eclipse.m2e.jdt_1.10.0.20181127-2120.jar:na]
	at org.eclipse.m2e.core.internal.project.registry.ProjectRegistryManager.notifyProjectChangeListeners(ProjectRegistryManager.java:777) [org.eclipse.m2e.core_1.10.0.20181127-2120.jar:na]
	at org.eclipse.m2e.core.internal.project.registry.ProjectRegistryManager.applyMutableProjectRegistry(ProjectRegistryManager.java:921) [org.eclipse.m2e.core_1.10.0.20181127-2120.jar:na]
	at org.eclipse.m2e.core.internal.project.registry.ProjectRegistryRefreshJob$1.call(ProjectRegistryRefreshJob.java:98) [org.eclipse.m2e.core_1.10.0.20181127-2120.jar:na]
	at org.eclipse.m2e.core.internal.project.registry.ProjectRegistryRefreshJob$1.call(ProjectRegistryRefreshJob.java:1) [org.eclipse.m2e.core_1.10.0.20181127-2120.jar:na]
	at org.eclipse.m2e.core.internal.embedder.MavenExecutionContext.executeBare(MavenExecutionContext.java:177) [org.eclipse.m2e.core_1.10.0.20181127-2120.jar:na]
	at org.eclipse.m2e.core.internal.embedder.MavenExecutionContext.execute(MavenExecutionContext.java:151) [org.eclipse.m2e.core_1.10.0.20181127-2120.jar:na]
	at org.eclipse.m2e.core.internal.embedder.MavenExecutionContext.execute(MavenExecutionContext.java:99) [org.eclipse.m2e.core_1.10.0.20181127-2120.jar:na]
	at org.eclipse.m2e.core.internal.embedder.MavenImpl.execute(MavenImpl.java:1336) [org.eclipse.m2e.core_1.10.0.20181127-2120.jar:na]
	at org.eclipse.m2e.core.internal.project.registry.ProjectRegistryRefreshJob.run(ProjectRegistryRefreshJob.java:81) [org.eclipse.m2e.core_1.10.0.20181127-2120.jar:na]
	at org.eclipse.core.internal.jobs.Worker.run(Worker.java:63) [org.eclipse.core.jobs_3.10.200.v20180912-1356.jar:na]
2019-04-29 14:42:50,260 [Worker-10: Updating Maven Dependencies] ERROR o.e.m.j.i.l.MavenLaunchConfigurationListener - Launch configuration MMSServer references non-existing project MMSServer.
org.eclipse.core.runtime.CoreException: Launch configuration MMSServer references non-existing project MMSServer.
	at org.eclipse.jdt.launching.JavaRuntime.abort(JavaRuntime.java:1838) ~[org.eclipse.jdt.launching_3.12.0.v20181119-1621.jar:na]
	at org.eclipse.jdt.launching.JavaRuntime.getJavaProject(JavaRuntime.java:1713) ~[org.eclipse.jdt.launching_3.12.0.v20181119-1621.jar:na]
	at org.eclipse.m2e.jdt.internal.launch.MavenLaunchConfigurationListener.updateLaunchConfiguration(MavenLaunchConfigurationListener.java:53) [org.eclipse.m2e.jdt_1.10.0.20181127-2120.jar:na]
	at org.eclipse.m2e.jdt.internal.launch.MavenLaunchConfigurationListener.launchConfigurationChanged(MavenLaunchConfigurationListener.java:38) [org.eclipse.m2e.jdt_1.10.0.20181127-2120.jar:na]
	at org.eclipse.debug.internal.core.LaunchManager$ConfigurationNotifier.run(LaunchManager.java:225) [org.eclipse.debug.core_3.13.100.v20181201-1650.jar:na]
	at org.eclipse.core.runtime.SafeRunner.run(SafeRunner.java:45) [org.eclipse.equinox.common_3.10.200.v20181021-1645.jar:na]
	at org.eclipse.debug.internal.core.LaunchManager$ConfigurationNotifier.notify(LaunchManager.java:209) [org.eclipse.debug.core_3.13.100.v20181201-1650.jar:na]
	at org.eclipse.debug.internal.core.LaunchManager.launchConfigurationChanged(LaunchManager.java:2151) [org.eclipse.debug.core_3.13.100.v20181201-1650.jar:na]
	at org.eclipse.debug.internal.core.LaunchConfigurationWorkingCopy.writeNewFile(LaunchConfigurationWorkingCopy.java:381) [org.eclipse.debug.core_3.13.100.v20181201-1650.jar:na]
	at org.eclipse.debug.internal.core.LaunchConfigurationWorkingCopy.doSave0(LaunchConfigurationWorkingCopy.java:258) [org.eclipse.debug.core_3.13.100.v20181201-1650.jar:na]
	at org.eclipse.debug.internal.core.LaunchConfigurationWorkingCopy.doSave(LaunchConfigurationWorkingCopy.java:228) [org.eclipse.debug.core_3.13.100.v20181201-1650.jar:na]
	at org.eclipse.debug.internal.core.LaunchConfigurationWorkingCopy.doSave(LaunchConfigurationWorkingCopy.java:186) [org.eclipse.debug.core_3.13.100.v20181201-1650.jar:na]
	at org.eclipse.m2e.jdt.internal.launch.MavenRuntimeClasspathProvider.disable(MavenRuntimeClasspathProvider.java:354) [org.eclipse.m2e.jdt_1.10.0.20181127-2120.jar:na]
	at org.eclipse.m2e.jdt.internal.launch.MavenRuntimeClasspathProvider.disable(MavenRuntimeClasspathProvider.java:378) [org.eclipse.m2e.jdt_1.10.0.20181127-2120.jar:na]
	at org.eclipse.m2e.jdt.internal.launch.MavenLaunchConfigurationListener.mavenProjectChanged(MavenLaunchConfigurationListener.java:70) [org.eclipse.m2e.jdt_1.10.0.20181127-2120.jar:na]
	at org.eclipse.m2e.core.internal.project.registry.ProjectRegistryManager.notifyProjectChangeListeners(ProjectRegistryManager.java:777) [org.eclipse.m2e.core_1.10.0.20181127-2120.jar:na]
	at org.eclipse.m2e.core.internal.project.registry.ProjectRegistryManager.applyMutableProjectRegistry(ProjectRegistryManager.java:921) [org.eclipse.m2e.core_1.10.0.20181127-2120.jar:na]
	at org.eclipse.m2e.core.internal.project.registry.ProjectRegistryRefreshJob$1.call(ProjectRegistryRefreshJob.java:98) [org.eclipse.m2e.core_1.10.0.20181127-2120.jar:na]
	at org.eclipse.m2e.core.internal.project.registry.ProjectRegistryRefreshJob$1.call(ProjectRegistryRefreshJob.java:1) [org.eclipse.m2e.core_1.10.0.20181127-2120.jar:na]
	at org.eclipse.m2e.core.internal.embedder.MavenExecutionContext.executeBare(MavenExecutionContext.java:177) [org.eclipse.m2e.core_1.10.0.20181127-2120.jar:na]
	at org.eclipse.m2e.core.internal.embedder.MavenExecutionContext.execute(MavenExecutionContext.java:151) [org.eclipse.m2e.core_1.10.0.20181127-2120.jar:na]
	at org.eclipse.m2e.core.internal.embedder.MavenExecutionContext.execute(MavenExecutionContext.java:99) [org.eclipse.m2e.core_1.10.0.20181127-2120.jar:na]
	at org.eclipse.m2e.core.internal.embedder.MavenImpl.execute(MavenImpl.java:1336) [org.eclipse.m2e.core_1.10.0.20181127-2120.jar:na]
	at org.eclipse.m2e.core.internal.project.registry.ProjectRegistryRefreshJob.run(ProjectRegistryRefreshJob.java:81) [org.eclipse.m2e.core_1.10.0.20181127-2120.jar:na]
	at org.eclipse.core.internal.jobs.Worker.run(Worker.java:63) [org.eclipse.core.jobs_3.10.200.v20180912-1356.jar:na]
2019-04-29 14:43:06,966 [Worker-19: Importing Maven projects] INFO  o.e.m.c.i.l.LifecycleMappingFactory - Using org.eclipse.m2e.jdt.JarLifecycleMapping lifecycle mapping for MavenProject: kr.ac.kaist.MMSServer:MC_MMS:0.8.2-SNAPSHOT @ D:\Users\YunHoChoi\project\MC_MMS-new\MMSServer\pom.xml.
2019-04-29 14:43:07,043 [Worker-19: Importing Maven projects] WARN  o.e.m.c.i.embedder.EclipseLogger - The POM for net.etri:net.etri.pkilib:jar:1.4 is missing, no dependency information available
2019-04-29 14:43:07,384 [Worker-19: Importing Maven projects] INFO  o.e.m.j.i.AbstractJavaProjectConfigurator - Adding source folder /MMSServer/src/main/java
2019-04-29 14:43:07,385 [Worker-19: Importing Maven projects] INFO  o.e.m.j.i.AbstractJavaProjectConfigurator - Adding source folder /MMSServer/src/test/java
2019-04-29 14:43:07,472 [Worker-19: Importing Maven projects] INFO  o.e.m.c.i.p.ProjectConfigurationManager - Imported and configured 1 project(s) in 3 sec
2019-04-29 14:43:08,274 [Worker-1: Building workspace] WARN  o.e.m.c.i.embedder.EclipseLogger - The POM for net.etri:net.etri.pkilib:jar:1.4 is missing, no dependency information available
2019-04-29 14:43:08,312 [Worker-1: Building workspace] INFO  o.e.m.c.i.embedder.EclipseLogger - Using 'UTF-8' encoding to copy filtered resources.
2019-04-29 14:43:08,312 [Worker-1: Building workspace] INFO  o.e.m.c.i.embedder.EclipseLogger - skip non existing resourceDirectory D:\Users\YunHoChoi\project\MC_MMS-new\MMSServer\src\main\resources
2019-04-29 14:43:08,313 [Worker-1: Building workspace] INFO  o.e.m.c.i.embedder.EclipseLogger - Using 'UTF-8' encoding to copy filtered resources.
2019-04-29 14:43:08,314 [Worker-1: Building workspace] INFO  o.e.m.c.i.embedder.EclipseLogger - skip non existing resourceDirectory D:\Users\YunHoChoi\project\MC_MMS-new\MMSServer\src\test\resources
2019-04-29 14:50:55,131 [Worker-23: Building workspace] INFO  o.e.m.c.i.embedder.EclipseLogger - Using 'UTF-8' encoding to copy filtered resources.
2019-04-29 14:50:55,132 [Worker-23: Building workspace] INFO  o.e.m.c.i.embedder.EclipseLogger - skip non existing resourceDirectory D:\Users\YunHoChoi\project\MC_MMS-new\MMSServer\src\main\resources
2019-04-29 14:50:55,133 [Worker-23: Building workspace] INFO  o.e.m.c.i.embedder.EclipseLogger - Using 'UTF-8' encoding to copy filtered resources.
2019-04-29 14:50:55,133 [Worker-23: Building workspace] INFO  o.e.m.c.i.embedder.EclipseLogger - skip non existing resourceDirectory D:\Users\YunHoChoi\project\MC_MMS-new\MMSServer\src\test\resources
2019-04-29 14:54:09,601 [Worker-25: Building workspace] INFO  o.e.m.c.i.l.LifecycleMappingFactory - Using org.eclipse.m2e.jdt.JarLifecycleMapping lifecycle mapping for MavenProject: kr.ac.kaist.MMSServer:MC_MMS:0.8.2-SNAPSHOT @ D:\Users\YunHoChoi\project\MC_MMS-new\MMSServer\pom.xml.
2019-04-29 14:54:09,667 [Worker-25: Building workspace] WARN  o.e.m.c.i.embedder.EclipseLogger - The POM for net.etri:net.etri.pkilib:jar:1.4 is missing, no dependency information available
2019-04-29 14:54:10,913 [Worker-25: Building workspace] INFO  o.e.m.c.i.e.AbstractTransferListenerAdapter - Downloading https://repo.maven.apache.org/maven2/redis/clients/jedis/3.1.0-m1/jedis-3.1.0-m1.pom
2019-04-29 14:54:11,103 [Worker-25: Building workspace] INFO  o.e.m.c.i.e.AbstractTransferListenerAdapter - Downloaded https://repo.maven.apache.org/maven2/redis/clients/jedis/3.1.0-m1/jedis-3.1.0-m1.pom
2019-04-29 14:54:11,288 [Worker-25: Building workspace] INFO  o.e.m.c.i.e.AbstractTransferListenerAdapter - Downloading https://repo.maven.apache.org/maven2/org/apache/commons/commons-pool2/2.6.0/commons-pool2-2.6.0.pom
2019-04-29 14:54:11,508 [Worker-25: Building workspace] INFO  o.e.m.c.i.e.AbstractTransferListenerAdapter - Downloaded https://repo.maven.apache.org/maven2/org/apache/commons/commons-pool2/2.6.0/commons-pool2-2.6.0.pom
2019-04-29 14:54:11,679 [Worker-25: Building workspace] INFO  o.e.m.c.i.e.AbstractTransferListenerAdapter - Downloading https://repo.maven.apache.org/maven2/org/apache/commons/commons-parent/47/commons-parent-47.pom
2019-04-29 14:54:12,066 [Worker-25: Building workspace] INFO  o.e.m.c.i.e.AbstractTransferListenerAdapter - Downloaded https://repo.maven.apache.org/maven2/org/apache/commons/commons-parent/47/commons-parent-47.pom
2019-04-29 14:54:12,369 [Worker-25: Building workspace] INFO  o.e.m.c.i.e.AbstractTransferListenerAdapter - Downloading https://repo.maven.apache.org/maven2/org/apache/apache/19/apache-19.pom
2019-04-29 14:54:12,519 [Worker-25: Building workspace] INFO  o.e.m.c.i.e.AbstractTransferListenerAdapter - Downloaded https://repo.maven.apache.org/maven2/org/apache/apache/19/apache-19.pom
2019-04-29 14:54:12,737 [Worker-25: Building workspace] INFO  o.e.m.c.i.e.AbstractTransferListenerAdapter - Downloading https://repo.maven.apache.org/maven2/redis/clients/jedis/3.1.0-m1/jedis-3.1.0-m1.jar
2019-04-29 14:54:14,127 [Worker-25: Building workspace] INFO  o.e.m.c.i.e.AbstractTransferListenerAdapter - Downloaded https://repo.maven.apache.org/maven2/redis/clients/jedis/3.1.0-m1/jedis-3.1.0-m1.jar
2019-04-29 14:54:14,317 [Worker-25: Building workspace] INFO  o.e.m.c.i.e.AbstractTransferListenerAdapter - Downloading https://repo.maven.apache.org/maven2/org/apache/commons/commons-pool2/2.6.0/commons-pool2-2.6.0.jar
2019-04-29 14:54:14,797 [Worker-25: Building workspace] INFO  o.e.m.c.i.e.AbstractTransferListenerAdapter - Downloaded https://repo.maven.apache.org/maven2/org/apache/commons/commons-pool2/2.6.0/commons-pool2-2.6.0.jar
2019-04-29 14:54:15,524 [Worker-25: Building workspace] INFO  o.e.m.c.i.embedder.EclipseLogger - Using 'UTF-8' encoding to copy filtered resources.
2019-04-29 14:54:15,524 [Worker-25: Building workspace] INFO  o.e.m.c.i.embedder.EclipseLogger - skip non existing resourceDirectory D:\Users\YunHoChoi\project\MC_MMS-new\MMSServer\src\main\resources
2019-04-29 14:54:15,525 [Worker-25: Building workspace] INFO  o.e.m.c.i.embedder.EclipseLogger - Using 'UTF-8' encoding to copy filtered resources.
2019-04-29 14:54:15,525 [Worker-25: Building workspace] INFO  o.e.m.c.i.embedder.EclipseLogger - skip non existing resourceDirectory D:\Users\YunHoChoi\project\MC_MMS-new\MMSServer\src\test\resources
2019-04-29 14:54:16,499 [Worker-24: Download sources and javadoc] WARN  o.e.m.c.i.embedder.EclipseLogger - The POM for net.etri:net.etri.pkilib:jar:1.4 is missing, no dependency information available
2019-04-29 14:54:17,173 [Worker-24: Download sources and javadoc] INFO  o.e.m.c.i.e.AbstractTransferListenerAdapter - Downloading https://repo.maven.apache.org/maven2/redis/clients/jedis/3.1.0-m1/jedis-3.1.0-m1-sources.jar
2019-04-29 14:54:17,976 [Worker-24: Download sources and javadoc] INFO  o.e.m.c.i.e.AbstractTransferListenerAdapter - Downloaded https://repo.maven.apache.org/maven2/redis/clients/jedis/3.1.0-m1/jedis-3.1.0-m1-sources.jar
2019-04-29 14:54:18,079 [Worker-24: Download sources and javadoc] INFO  o.e.m.j.internal.DownloadSourcesJob - Downloaded sources for redis.clients:jedis:3.1.0-m1
2019-04-29 14:54:18,233 [Worker-24: Download sources and javadoc] INFO  o.e.m.c.i.e.AbstractTransferListenerAdapter - Downloading https://repo.maven.apache.org/maven2/org/apache/commons/commons-pool2/2.6.0/commons-pool2-2.6.0-sources.jar
2019-04-29 14:54:18,530 [Worker-24: Download sources and javadoc] INFO  o.e.m.c.i.e.AbstractTransferListenerAdapter - Downloaded https://repo.maven.apache.org/maven2/org/apache/commons/commons-pool2/2.6.0/commons-pool2-2.6.0-sources.jar
2019-04-29 14:54:18,645 [Worker-24: Download sources and javadoc] INFO  o.e.m.j.internal.DownloadSourcesJob - Downloaded sources for org.apache.commons:commons-pool2:2.6.0
2019-04-29 14:54:18,898 [Worker-32: Building workspace] INFO  o.e.m.c.i.embedder.EclipseLogger - Using 'UTF-8' encoding to copy filtered resources.
2019-04-29 14:54:18,898 [Worker-32: Building workspace] INFO  o.e.m.c.i.embedder.EclipseLogger - skip non existing resourceDirectory D:\Users\YunHoChoi\project\MC_MMS-new\MMSServer\src\main\resources
2019-04-29 14:54:18,899 [Worker-32: Building workspace] INFO  o.e.m.c.i.embedder.EclipseLogger - Using 'UTF-8' encoding to copy filtered resources.
2019-04-29 14:54:18,899 [Worker-32: Building workspace] INFO  o.e.m.c.i.embedder.EclipseLogger - skip non existing resourceDirectory D:\Users\YunHoChoi\project\MC_MMS-new\MMSServer\src\test\resources
2019-04-29 14:56:24,068 [Worker-25: Launching Executing install in D__Users_YunHoChoi_project_MC_MMS-new_MMSServer] INFO  o.e.m.i.launch.MavenLaunchDelegate - D:\Users\YunHoChoi\project\MC_MMS-new\MMSServer
2019-04-29 14:56:24,068 [Worker-25: Launching Executing install in D__Users_YunHoChoi_project_MC_MMS-new_MMSServer] INFO  o.e.m.i.launch.MavenLaunchDelegate -  mvn -B install
2019-04-29 14:56:28,466 [Worker-10: Building workspace] INFO  o.e.m.c.i.embedder.EclipseLogger - Using 'UTF-8' encoding to copy filtered resources.
2019-04-29 14:56:28,472 [Worker-10: Building workspace] INFO  o.e.m.c.i.embedder.EclipseLogger - Copying 0 resource
2019-04-29 14:56:28,473 [Worker-10: Building workspace] INFO  o.e.m.c.i.embedder.EclipseLogger - Using 'UTF-8' encoding to copy filtered resources.
2019-04-29 14:56:28,473 [Worker-10: Building workspace] INFO  o.e.m.c.i.embedder.EclipseLogger - skip non existing resourceDirectory D:\Users\YunHoChoi\project\MC_MMS-new\MMSServer\src\test\resources
2019-04-29 14:56:45,568 [Worker-30: Launching Executing clean in D__Users_YunHoChoi_project_MC_MMS-new_MMSServer] INFO  o.e.m.i.launch.MavenLaunchDelegate - D:\Users\YunHoChoi\project\MC_MMS-new\MMSServer
2019-04-29 14:56:45,568 [Worker-30: Launching Executing clean in D__Users_YunHoChoi_project_MC_MMS-new_MMSServer] INFO  o.e.m.i.launch.MavenLaunchDelegate -  mvn -B clean
2019-04-29 14:56:47,787 [Worker-29: Building workspace] INFO  o.e.m.c.i.embedder.EclipseLogger - Using 'UTF-8' encoding to copy filtered resources.
2019-04-29 14:56:47,788 [Worker-29: Building workspace] INFO  o.e.m.c.i.embedder.EclipseLogger - Copying 0 resource
2019-04-29 14:56:47,789 [Worker-29: Building workspace] INFO  o.e.m.c.i.embedder.EclipseLogger - Using 'UTF-8' encoding to copy filtered resources.
2019-04-29 14:56:47,789 [Worker-29: Building workspace] INFO  o.e.m.c.i.embedder.EclipseLogger - skip non existing resourceDirectory D:\Users\YunHoChoi\project\MC_MMS-new\MMSServer\src\test\resources
2019-04-29 14:56:50,976 [Worker-27: Launching Executing install in D__Users_YunHoChoi_project_MC_MMS-new_MMSServer] INFO  o.e.m.i.launch.MavenLaunchDelegate - D:\Users\YunHoChoi\project\MC_MMS-new\MMSServer
2019-04-29 14:56:50,976 [Worker-27: Launching Executing install in D__Users_YunHoChoi_project_MC_MMS-new_MMSServer] INFO  o.e.m.i.launch.MavenLaunchDelegate -  mvn -B install
2019-04-29 14:56:53,413 [Worker-25: Building workspace] INFO  o.e.m.c.i.embedder.EclipseLogger - Using 'UTF-8' encoding to copy filtered resources.
2019-04-29 14:56:53,413 [Worker-25: Building workspace] INFO  o.e.m.c.i.embedder.EclipseLogger - Copying 0 resource
2019-04-29 14:56:53,414 [Worker-25: Building workspace] INFO  o.e.m.c.i.embedder.EclipseLogger - Using 'UTF-8' encoding to copy filtered resources.
2019-04-29 14:56:53,414 [Worker-25: Building workspace] INFO  o.e.m.c.i.embedder.EclipseLogger - skip non existing resourceDirectory D:\Users\YunHoChoi\project\MC_MMS-new\MMSServer\src\test\resources
2019-04-29 14:57:03,994 [Worker-30: Updating Maven Project] INFO  o.e.m.c.i.p.ProjectConfigurationManager - Update started
2019-04-29 14:57:04,423 [Worker-30: Updating Maven Project] INFO  o.e.m.c.i.l.LifecycleMappingFactory - Using org.eclipse.m2e.jdt.JarLifecycleMapping lifecycle mapping for MavenProject: kr.ac.kaist.MMSServer:MC_MMS:0.8.2-SNAPSHOT @ D:\Users\YunHoChoi\project\MC_MMS-new\MMSServer\pom.xml.
2019-04-29 14:57:04,483 [Worker-30: Updating Maven Project] WARN  o.e.m.c.i.embedder.EclipseLogger - The POM for net.etri:net.etri.pkilib:jar:1.4 is missing, no dependency information available
2019-04-29 14:57:04,805 [Worker-30: Updating Maven Project] INFO  o.e.m.j.i.AbstractJavaProjectConfigurator - Adding source folder /MMSServer/src/main/java
2019-04-29 14:57:04,805 [Worker-30: Updating Maven Project] INFO  o.e.m.j.i.AbstractJavaProjectConfigurator - Adding resource folder /MMSServer/src/main/resources
2019-04-29 14:57:04,805 [Worker-30: Updating Maven Project] INFO  o.e.m.j.i.AbstractJavaProjectConfigurator - Adding source folder /MMSServer/src/test/java
2019-04-29 14:57:04,941 [Worker-30: Updating Maven Project] INFO  o.e.m.c.i.p.ProjectConfigurationManager - Update completed: 0 sec
2019-04-29 14:57:05,406 [Worker-25: Building workspace] WARN  o.e.m.c.i.embedder.EclipseLogger - The POM for net.etri:net.etri.pkilib:jar:1.4 is missing, no dependency information available
2019-04-29 14:57:05,456 [Worker-25: Building workspace] INFO  o.e.m.c.i.embedder.EclipseLogger - Using 'UTF-8' encoding to copy filtered resources.
2019-04-29 14:57:05,457 [Worker-25: Building workspace] INFO  o.e.m.c.i.embedder.EclipseLogger - Copying 0 resource
2019-04-29 14:57:05,459 [Worker-25: Building workspace] INFO  o.e.m.c.i.embedder.EclipseLogger - Using 'UTF-8' encoding to copy filtered resources.
2019-04-29 14:57:05,459 [Worker-25: Building workspace] INFO  o.e.m.c.i.embedder.EclipseLogger - skip non existing resourceDirectory D:\Users\YunHoChoi\project\MC_MMS-new\MMSServer\src\test\resources
2019-04-29 14:57:09,007 [Worker-32: Building workspace] INFO  o.e.m.c.i.embedder.EclipseLogger - Using 'UTF-8' encoding to copy filtered resources.
2019-04-29 14:57:09,007 [Worker-32: Building workspace] INFO  o.e.m.c.i.embedder.EclipseLogger - Copying 0 resource
2019-04-29 14:57:09,008 [Worker-32: Building workspace] INFO  o.e.m.c.i.embedder.EclipseLogger - Using 'UTF-8' encoding to copy filtered resources.
2019-04-29 14:57:09,008 [Worker-32: Building workspace] INFO  o.e.m.c.i.embedder.EclipseLogger - skip non existing resourceDirectory D:\Users\YunHoChoi\project\MC_MMS-new\Examples\SimpleNettyHttpServer\src\test\resources
2019-04-29 14:57:15,389 [Worker-10: Launching Executing install in D__Users_YunHoChoi_project_MC_MMS-new_MMSServer] INFO  o.e.m.i.launch.MavenLaunchDelegate - D:\Users\YunHoChoi\project\MC_MMS-new\MMSServer
2019-04-29 14:57:15,389 [Worker-10: Launching Executing install in D__Users_YunHoChoi_project_MC_MMS-new_MMSServer] INFO  o.e.m.i.launch.MavenLaunchDelegate -  mvn -B install
2019-04-29 14:57:25,889 [Worker-27: Building workspace] INFO  o.e.m.c.i.embedder.EclipseLogger - Using 'UTF-8' encoding to copy filtered resources.
2019-04-29 14:57:25,892 [Worker-27: Building workspace] INFO  o.e.m.c.i.embedder.EclipseLogger - Copying 0 resource
2019-04-29 14:57:25,893 [Worker-27: Building workspace] INFO  o.e.m.c.i.embedder.EclipseLogger - Using 'UTF-8' encoding to copy filtered resources.
2019-04-29 14:57:25,893 [Worker-27: Building workspace] INFO  o.e.m.c.i.embedder.EclipseLogger - skip non existing resourceDirectory D:\Users\YunHoChoi\project\MC_MMS-new\MMSServer\src\test\resources
2019-04-29 15:02:10,087 [Worker-35: Building workspace] INFO  o.e.m.c.i.l.LifecycleMappingFactory - Using org.eclipse.m2e.jdt.JarLifecycleMapping lifecycle mapping for MavenProject: kr.ac.kaist.MMSServer:MC_MMS:0.8.2-SNAPSHOT @ D:\Users\YunHoChoi\project\MC_MMS-new\MMSServer\pom.xml.
2019-04-29 15:02:10,149 [Worker-35: Building workspace] WARN  o.e.m.c.i.embedder.EclipseLogger - The POM for net.etri:net.etri.pkilib:jar:1.4 is missing, no dependency information available
2019-04-29 15:02:10,170 [Worker-35: Building workspace] ERROR o.e.m.c.i.i.nexus.NexusIndexManager - Unable to add kr/ac/kaist/MMSServer/MC_MMS/0.8.2-SNAPSHOT/MC_MMS-0.8.2-SNAPSHOT.pom
java.io.FileNotFoundException: no segments* file found in org.apache.lucene.store.FSDirectory@D:\Users\YunHoChoi\project\MC_MMS-new\.metadata\.plugins\org.eclipse.m2e.core\nexus\830bc118332e77292949ed1e6d2fabe0: files: _a.cfs _c.fdt _c.fdx
	at org.apache.lucene.index.SegmentInfos$FindSegmentsFile.run(SegmentInfos.java:604) ~[lucene-core-2.4.1.jar:2.4.1 750176 - 2009-03-04 21:56:52]
	at org.apache.lucene.index.SegmentInfos.readCurrentVersion(SegmentInfos.java:366) ~[lucene-core-2.4.1.jar:2.4.1 750176 - 2009-03-04 21:56:52]
	at org.apache.lucene.index.DirectoryIndexReader.isCurrent(DirectoryIndexReader.java:237) ~[lucene-core-2.4.1.jar:2.4.1 750176 - 2009-03-04 21:56:52]
	at org.apache.maven.index.context.DefaultIndexingContext.getIndexReader(DefaultIndexingContext.java:456) ~[indexer-core-3.1.0.jar:3.1.0]
	at org.apache.maven.index.context.DefaultIndexingContext.getIndexSearcher(DefaultIndexingContext.java:475) ~[indexer-core-3.1.0.jar:3.1.0]
	at org.apache.maven.index.context.IndexUtils.getGroups(IndexUtils.java:251) ~[indexer-core-3.1.0.jar:3.1.0]
	at org.apache.maven.index.context.IndexUtils.getRootGroups(IndexUtils.java:220) ~[indexer-core-3.1.0.jar:3.1.0]
	at org.apache.maven.index.context.DefaultIndexingContext.getRootGroups(DefaultIndexingContext.java:785) ~[indexer-core-3.1.0.jar:3.1.0]
	at org.apache.maven.index.DefaultIndexerEngine.updateGroups(DefaultIndexerEngine.java:150) ~[org.eclipse.m2e.maven.indexer_1.10.0.20181127-2120/:na]
	at org.apache.maven.index.DefaultIndexerEngine.update(DefaultIndexerEngine.java:82) ~[org.eclipse.m2e.maven.indexer_1.10.0.20181127-2120/:na]
	at org.apache.maven.index.DefaultNexusIndexer.addArtifactToIndex(DefaultNexusIndexer.java:338) ~[org.eclipse.m2e.maven.indexer_1.10.0.20181127-2120/:na]
	at org.eclipse.m2e.core.internal.index.nexus.NexusIndexManager.addDocument(NexusIndexManager.java:580) [org.eclipse.m2e.core_1.10.0.20181127-2120.jar:na]
	at org.eclipse.m2e.core.internal.index.nexus.NexusIndexManager.mavenProjectChanged(NexusIndexManager.java:758) [org.eclipse.m2e.core_1.10.0.20181127-2120.jar:na]
	at org.eclipse.m2e.core.internal.project.registry.ProjectRegistryManager.notifyProjectChangeListeners(ProjectRegistryManager.java:777) [org.eclipse.m2e.core_1.10.0.20181127-2120.jar:na]
	at org.eclipse.m2e.core.internal.project.registry.ProjectRegistryManager.applyMutableProjectRegistry(ProjectRegistryManager.java:921) [org.eclipse.m2e.core_1.10.0.20181127-2120.jar:na]
	at org.eclipse.m2e.core.internal.project.registry.ProjectRegistryManager.refresh(ProjectRegistryManager.java:298) [org.eclipse.m2e.core_1.10.0.20181127-2120.jar:na]
	at org.eclipse.m2e.core.internal.builder.MavenBuilder$BuildMethod.getProjectFacade(MavenBuilder.java:155) [org.eclipse.m2e.core_1.10.0.20181127-2120.jar:na]
	at org.eclipse.m2e.core.internal.builder.MavenBuilder$BuildMethod$1.call(MavenBuilder.java:90) [org.eclipse.m2e.core_1.10.0.20181127-2120.jar:na]
	at org.eclipse.m2e.core.internal.embedder.MavenExecutionContext.executeBare(MavenExecutionContext.java:177) [org.eclipse.m2e.core_1.10.0.20181127-2120.jar:na]
	at org.eclipse.m2e.core.internal.embedder.MavenExecutionContext.execute(MavenExecutionContext.java:151) [org.eclipse.m2e.core_1.10.0.20181127-2120.jar:na]
	at org.eclipse.m2e.core.internal.embedder.MavenExecutionContext.execute(MavenExecutionContext.java:99) [org.eclipse.m2e.core_1.10.0.20181127-2120.jar:na]
	at org.eclipse.m2e.core.internal.builder.MavenBuilder$BuildMethod.execute(MavenBuilder.java:87) [org.eclipse.m2e.core_1.10.0.20181127-2120.jar:na]
	at org.eclipse.m2e.core.internal.builder.MavenBuilder.build(MavenBuilder.java:201) [org.eclipse.m2e.core_1.10.0.20181127-2120.jar:na]
	at org.eclipse.core.internal.events.BuildManager$2.run(BuildManager.java:833) [org.eclipse.core.resources_3.13.200.v20181121-1020.jar:na]
	at org.eclipse.core.runtime.SafeRunner.run(SafeRunner.java:45) [org.eclipse.equinox.common_3.10.200.v20181021-1645.jar:na]
	at org.eclipse.core.internal.events.BuildManager.basicBuild(BuildManager.java:220) [org.eclipse.core.resources_3.13.200.v20181121-1020.jar:na]
	at org.eclipse.core.internal.events.BuildManager.basicBuild(BuildManager.java:263) [org.eclipse.core.resources_3.13.200.v20181121-1020.jar:na]
	at org.eclipse.core.internal.events.BuildManager$1.run(BuildManager.java:316) [org.eclipse.core.resources_3.13.200.v20181121-1020.jar:na]
	at org.eclipse.core.runtime.SafeRunner.run(SafeRunner.java:45) [org.eclipse.equinox.common_3.10.200.v20181021-1645.jar:na]
	at org.eclipse.core.internal.events.BuildManager.basicBuild(BuildManager.java:319) [org.eclipse.core.resources_3.13.200.v20181121-1020.jar:na]
	at org.eclipse.core.internal.events.BuildManager.basicBuildLoop(BuildManager.java:371) [org.eclipse.core.resources_3.13.200.v20181121-1020.jar:na]
	at org.eclipse.core.internal.events.BuildManager.build(BuildManager.java:392) [org.eclipse.core.resources_3.13.200.v20181121-1020.jar:na]
	at org.eclipse.core.internal.events.AutoBuildJob.doBuild(AutoBuildJob.java:154) [org.eclipse.core.resources_3.13.200.v20181121-1020.jar:na]
	at org.eclipse.core.internal.events.AutoBuildJob.run(AutoBuildJob.java:244) [org.eclipse.core.resources_3.13.200.v20181121-1020.jar:na]
	at org.eclipse.core.internal.jobs.Worker.run(Worker.java:63) [org.eclipse.core.jobs_3.10.200.v20180912-1356.jar:na]
2019-04-29 15:02:10,235 [Worker-35: Building workspace] INFO  o.e.m.c.i.embedder.EclipseLogger - Using 'UTF-8' encoding to copy filtered resources.
2019-04-29 15:02:10,235 [Worker-35: Building workspace] INFO  o.e.m.c.i.embedder.EclipseLogger - Copying 0 resource
2019-04-29 15:02:10,236 [Worker-35: Building workspace] INFO  o.e.m.c.i.embedder.EclipseLogger - Using 'UTF-8' encoding to copy filtered resources.
2019-04-29 15:02:10,236 [Worker-35: Building workspace] INFO  o.e.m.c.i.embedder.EclipseLogger - skip non existing resourceDirectory D:\Users\YunHoChoi\project\MC_MMS-new\MMSServer\src\test\resources
2019-04-29 15:02:17,398 [Worker-39: Building workspace] WARN  o.e.m.c.i.embedder.EclipseLogger - The POM for net.etri:net.etri.pkilib:jar:1.4 is missing, no dependency information available
2019-04-29 15:02:17,413 [Worker-39: Building workspace] INFO  o.e.m.c.i.embedder.EclipseLogger - Using 'UTF-8' encoding to copy filtered resources.
2019-04-29 15:02:17,414 [Worker-39: Building workspace] INFO  o.e.m.c.i.embedder.EclipseLogger - Copying 0 resource
2019-04-29 15:02:17,415 [Worker-39: Building workspace] INFO  o.e.m.c.i.embedder.EclipseLogger - Using 'UTF-8' encoding to copy filtered resources.
2019-04-29 15:02:17,415 [Worker-39: Building workspace] INFO  o.e.m.c.i.embedder.EclipseLogger - skip non existing resourceDirectory D:\Users\YunHoChoi\project\MC_MMS-new\MMSServer\src\test\resources
